Initiating authentication
Executing create table hql
0: jdbc:hive2://ustcl705.kcc.com:10000/defaul> USE ${hivevar:hivedb};
0: jdbc:hive2://ustcl705.kcc.com:10000/defaul> create table if not exists ${hivevar:hivedb}.tmp_groupby_sku_site_DPSM_D(
. . . . . . . . . . . . . . . . . . . . . . .> sku_cd bigint,
. . . . . . . . . . . . . . . . . . . . . . .> site string
. . . . . . . . . . . . . . . . . . . . . . .> )
. . . . . . . . . . . . . . . . . . . . . . .> ROW FORMAT DELIMITED
. . . . . . . . . . . . . . . . . . . . . . .> FIELDS TERMINATED BY ',';
0: jdbc:hive2://ustcl705.kcc.com:10000/defaul> TRUNCATE TABLE ${hivevar:hivedb}.tmp_groupby_sku_site_DPSM_D;
0: jdbc:hive2://ustcl705.kcc.com:10000/defaul> 
0: jdbc:hive2://ustcl705.kcc.com:10000/defaul> create table if not exists ${hivevar:hivedb}.tmp_site_list_DPSM_D(
. . . . . . . . . . . . . . . . . . . . . . .> seq int,
. . . . . . . . . . . . . . . . . . . . . . .> site string
. . . . . . . . . . . . . . . . . . . . . . .> )
. . . . . . . . . . . . . . . . . . . . . . .> ROW FORMAT DELIMITED
. . . . . . . . . . . . . . . . . . . . . . .> FIELDS TERMINATED BY ',';
0: jdbc:hive2://ustcl705.kcc.com:10000/defaul> TRUNCATE TABLE ${hivevar:hivedb}.tmp_site_list_DPSM_D;
0: jdbc:hive2://ustcl705.kcc.com:10000/defaul> 
0: jdbc:hive2://ustcl705.kcc.com:10000/defaul> create table if not exists ${hivevar:hivedb}.tmp_distribution_list_DPSM_D(
. . . . . . . . . . . . . . . . . . . . . . .> seq bigint,
. . . . . . . . . . . . . . . . . . . . . . .> classification string,
. . . . . . . . . . . . . . . . . . . . . . .> biz_category string,
. . . . . . . . . . . . . . . . . . . . . . .> vlt varchar(20),
. . . . . . . . . . . . . . . . . . . . . . .> product_category_cd varchar(5),
. . . . . . . . . . . . . . . . . . . . . . .> brand_cd varchar(5),
. . . . . . . . . . . . . . . . . . . . . . .> sub_brand_cd varchar(5),
. . . . . . . . . . . . . . . . . . . . . . .> product_name string,
. . . . . . . . . . . . . . . . . . . . . . .> sku_cd bigint,
. . . . . . . . . . . . . . . . . . . . . . .> target decimal(9,2)
. . . . . . . . . . . . . . . . . . . . . . .> )
. . . . . . . . . . . . . . . . . . . . . . .> ROW FORMAT DELIMITED
. . . . . . . . . . . . . . . . . . . . . . .> FIELDS TERMINATED BY ',';
0: jdbc:hive2://ustcl705.kcc.com:10000/defaul> TRUNCATE TABLE ${hivevar:hivedb}.tmp_distribution_list_DPSM_D;
0: jdbc:hive2://ustcl705.kcc.com:10000/defaul>  
0: jdbc:hive2://ustcl705.kcc.com:10000/defaul> create table if not exists ${hivevar:hivedb}.final_result_DPSM_D
. . . . . . . . . . . . . . . . . . . . . . .> (
. . . . . . . . . . . . . . . . . . . . . . .> classification string,
. . . . . . . . . . . . . . . . . . . . . . .> biz_category string,
. . . . . . . . . . . . . . . . . . . . . . .> vlt varchar(20),
. . . . . . . . . . . . . . . . . . . . . . .> product_category_cd varchar(5),
. . . . . . . . . . . . . . . . . . . . . . .> brand_cd varchar(5),
. . . . . . . . . . . . . . . . . . . . . . .> sub_brand_cd varchar(5),
. . . . . . . . . . . . . . . . . . . . . . .> product_name string,
. . . . . . . . . . . . . . . . . . . . . . .> sku_cd bigint,
. . . . . . . . . . . . . . . . . . . . . . .> site varchar(32),
. . . . . . . . . . . . . . . . . . . . . . .> target decimal(9,2)
. . . . . . . . . . . . . . . . . . . . . . .> )
. . . . . . . . . . . . . . . . . . . . . . .> ROW FORMAT DELIMITED
. . . . . . . . . . . . . . . . . . . . . . .> FIELDS TERMINATED BY ',';
0: jdbc:hive2://ustcl705.kcc.com:10000/defaul> TRUNCATE TABLE ${hivevar:hivedb}.final_result_DPSM_D;
0: jdbc:hive2://ustcl705.kcc.com:10000/defaul> 
0: jdbc:hive2://ustcl705.kcc.com:10000/defaul> CREATE TABLE IF NOT EXISTS ${hivevar:hivedb}.CTE_TARGETSOURCE_DPSM_D
. . . . . . . . . . . . . . . . . . . . . . .> (
. . . . . . . . . . . . . . . . . . . . . . .> sku_cd bigint,
. . . . . . . . . . . . . . . . . . . . . . .> channel_name string
. . . . . . . . . . . . . . . . . . . . . . .> )
. . . . . . . . . . . . . . . . . . . . . . .> ROW FORMAT DELIMITED
. . . . . . . . . . . . . . . . . . . . . . .> FIELDS TERMINATED BY ',';
0: jdbc:hive2://ustcl705.kcc.com:10000/defaul> TRUNCATE TABLE ${hivevar:hivedb}.CTE_TARGETSOURCE_DPSM_D;
0: jdbc:hive2://ustcl705.kcc.com:10000/defaul> 
0: jdbc:hive2://ustcl705.kcc.com:10000/defaul> 
0: jdbc:hive2://ustcl705.kcc.com:10000/defaul> 
0: jdbc:hive2://ustcl705.kcc.com:10000/defaul> 
0: jdbc:hive2://ustcl705.kcc.com:10000/defaul> 
Arguments passed are 2018 & 03
Executing insertTableDPSM_D.hql
0: jdbc:hive2://ustcl705.kcc.com:10000/defaul> use ${hivevar:hivedb};
0: jdbc:hive2://ustcl705.kcc.com:10000/defaul> 
0: jdbc:hive2://ustcl705.kcc.com:10000/defaul> MSCK REPAIR TABLE ${hivevar:hivedb}.shelfon_item_processed;
0: jdbc:hive2://ustcl705.kcc.com:10000/defaul> MSCK REPAIR TABLE ${hivevar:hivedb}.shelfon_item_channel_processed;
0: jdbc:hive2://ustcl705.kcc.com:10000/defaul> MSCK REPAIR TABLE ${hivevar:hivedb}.shelfon_collected_data_processed;
0: jdbc:hive2://ustcl705.kcc.com:10000/defaul> 
0: jdbc:hive2://ustcl705.kcc.com:10000/defaul> INSERT OVERWRITE TABLE ${hivevar:hivedb}.TB_ONLINE_DPSM_D_REPORT select * from ${hivevar:hivedb}.TB_ONLINE_DPSM_D_REPORT
. . . . . . . . . . . . . . . . . . . . . . .> WHERE (year!=${hivevar:Actual_Target_Year} OR month!=${hivevar:Actual_Target_Month});
0: jdbc:hive2://ustcl705.kcc.com:10000/defaul> 
0: jdbc:hive2://ustcl705.kcc.com:10000/defaul> 
0: jdbc:hive2://ustcl705.kcc.com:10000/defaul> INSERT OVERWRITE TABLE ${hivevar:hivedb}.CTE_TARGETSOURCE_DPSM_D SELECT 
. . . . . . . . . . . . . . . . . . . . . . .> SM.sku_cd,
. . . . . . . . . . . . . . . . . . . . . . .> (CASE
. . . . . . . . . . . . . . . . . . . . . . .> WHEN SCD.site IN ('auction', 'auction_mobile') THEN 'auction'
. . . . . . . . . . . . . . . . . . . . . . .> WHEN SCD.site IN ('cjmall') THEN 'cjmall'
. . . . . . . . . . . . . . . . . . . . . . .> WHEN SCD.site IN ('coupang', 'coupang_mobile') THEN 'coupang'
. . . . . . . . . . . . . . . . . . . . . . .> WHEN SCD.site IN ('gmarket', 'gmarket_mobile') THEN 'gmarket'
. . . . . . . . . . . . . . . . . . . . . . .> WHEN SCD.site IN ('gsshop') THEN 'gsshop'
. . . . . . . . . . . . . . . . . . . . . . .> WHEN SCD.site IN ('interpark') THEN 'interpark'
. . . . . . . . . . . . . . . . . . . . . . .> WHEN SCD.site IN ('storefarm') THEN 'storefarm'
. . . . . . . . . . . . . . . . . . . . . . .> WHEN SCD.site IN ('street11', 'street11_mobile') THEN 'street11'
. . . . . . . . . . . . . . . . . . . . . . .> WHEN SCD.site IN ('tmon', 'tmon_mobile') THEN 'tmon'
. . . . . . . . . . . . . . . . . . . . . . .> WHEN SCD.site IN ('wemakeprice', 'wemakeprice_mobile') THEN 'wemakeprice'
. . . . . . . . . . . . . . . . . . . . . . .> ELSE NULL
. . . . . . . . . . . . . . . . . . . . . . .> END)
. . . . . . . . . . . . . . . . . . . . . . .> FROM (SELECT * FROM ${hivevar:hivedb}.shelfon_item_processed WHERE active_flag = 'Y') SI 
. . . . . . . . . . . . . . . . . . . . . . .> JOIN (SELECT * FROM ${hivevar:hivedb}.shelfon_item_channel_processed WHERE active_flag = 'Y') SIC ON SI.npid = SIC.npid
. . . . . . . . . . . . . . . . . . . . . . .> JOIN (SELECT * FROM ${hivevar:hivedb}.shelfon_collected_data_processed WHERE active_flag = 'Y') SCD ON SIC.ngid = SCD.ngi d
. . . . . . . . . . . . . . . . . . . . . . .> JOIN ${hivevar:hivedb}.TB_SHELFON_SKUCD_MAPPING SM ON SCD.shelfon_data_seq = SM.shelfon_data_seq
. . . . . . . . . . . . . . . . . . . . . . .> WHERE (SCD.site NOT IN ('naver','danawa','enuri')
. . . . . . . . . . . . . . . . . . . . . . .> AND SCD.rdate  between '${hivevar:FirstDayofMonth}' and '${hivevar:LastDayofMonth}'
. . . . . . . . . . . . . . . . . . . . . . .> AND SM.sku_cd IN (
. . . . . . . . . . . . . . . . . . . . . . .> SELECT sku_cd
. . . . . . . . . . . . . . . . . . . . . . .> FROM ${hivevar:hivedb}.TB_ONLINE_DPSM_D_LIST_processed
. . . . . . . . . . . . . . . . . . . . . . .> WHERE (use_yn = 'Y'
. . . . . . . . . . . . . . . . . . . . . . .> AND year_src = ${hivevar:Actual_Target_Year}
. . . . . . . . . . . . . . . . . . . . . . .> AND month_src = ${hivevar:Actual_Target_Month})));
0: jdbc:hive2://ustcl705.kcc.com:10000/defaul> 
0: jdbc:hive2://ustcl705.kcc.com:10000/defaul> INSERT OVERWRITE TABLE ${hivevar:hivedb}.tmp_groupby_sku_site_DPSM_D
. . . . . . . . . . . . . . . . . . . . . . .> SELECT sku_cd, channel_name FROM ${hivevar:hivedb}.CTE_TargetSource_DPSM_D WHERE channel_name IS NOT NULL
. . . . . . . . . . . . . . . . . . . . . . .> GROUP BY sku_cd, channel_name;
0: jdbc:hive2://ustcl705.kcc.com:10000/defaul> 
0: jdbc:hive2://ustcl705.kcc.com:10000/defaul> INSERT OVERWRITE TABLE ${hivevar:hivedb}.tmp_site_list_DPSM_D
. . . . . . . . . . . . . . . . . . . . . . .> SELECT ROW_NUMBER() OVER(ORDER BY sub.site ASC) as seq,
. . . . . . . . . . . . . . . . . . . . . . .> sub.site
. . . . . . . . . . . . . . . . . . . . . . .> FROM (
. . . . . . . . . . . . . . . . . . . . . . .> SELECT DISTINCT site
. . . . . . . . . . . . . . . . . . . . . . .> FROM ${hivevar:hivedb}.tmp_groupby_sku_site_DPSM_D) sub;
0: jdbc:hive2://ustcl705.kcc.com:10000/defaul> 
0: jdbc:hive2://ustcl705.kcc.com:10000/defaul> INSERT OVERWRITE TABLE ${hivevar:hivedb}.tmp_distribution_list_DPSM_D SELECT
. . . . . . . . . . . . . . . . . . . . . . .> ROW_NUMBER() OVER(ORDER BY SM.brand_cd, SM.sub_brand_cd, DDL.sku_cd ASC),
. . . . . . . . . . . . . . . . . . . . . . .> DDL.classification,
. . . . . . . . . . . . . . . . . . . . . . .> SM.biz_category,
. . . . . . . . . . . . . . . . . . . . . . .> SM.vlt,
. . . . . . . . . . . . . . . . . . . . . . .> SM.product_category_cd,
. . . . . . . . . . . . . . . . . . . . . . .> SM.brand_cd,
. . . . . . . . . . . . . . . . . . . . . . .> SM.sub_brand_cd,
. . . . . . . . . . . . . . . . . . . . . . .> SM.product_name,
. . . . . . . . . . . . . . . . . . . . . . .> DDL.sku_cd,
. . . . . . . . . . . . . . . . . . . . . . .> DDL.target
. . . . . . . . . . . . . . . . . . . . . . .> FROM ${hivevar:hivedb}.TB_ONLINE_DPSM_D_LIST_processed AS DDL
. . . . . . . . . . . . . . . . . . . . . . .> JOIN ${hivevar:hivedb}.TB_SKU_MASTER_processed AS SM ON DDL.sku_cd = SM.sku_cd
. . . . . . . . . . . . . . . . . . . . . . .> WHERE (DDL.use_yn = 'Y'
. . . . . . . . . . . . . . . . . . . . . . .> AND DDL.year_src = ${hivevar:Actual_Target_Year}
. . . . . . . . . . . . . . . . . . . . . . .> AND DDL.month_src = ${hivevar:Actual_Target_Month}
. . . . . . . . . . . . . . . . . . . . . . .> );
0: jdbc:hive2://ustcl705.kcc.com:10000/defaul> 
0: jdbc:hive2://ustcl705.kcc.com:10000/defaul> 
0: jdbc:hive2://ustcl705.kcc.com:10000/defaul> INSERT INTO ${hivevar:hivedb}.final_result_DPSM_D SELECT
. . . . . . . . . . . . . . . . . . . . . . .> TD.classification,
. . . . . . . . . . . . . . . . . . . . . . .> TD.biz_category,
. . . . . . . . . . . . . . . . . . . . . . .> TD.vlt,
. . . . . . . . . . . . . . . . . . . . . . .> TD.product_category_cd,
. . . . . . . . . . . . . . . . . . . . . . .> TD.brand_cd,
. . . . . . . . . . . . . . . . . . . . . . .> TD.sub_brand_cd,
. . . . . . . . . . . . . . . . . . . . . . .> TD.product_name,
. . . . . . . . . . . . . . . . . . . . . . .> TD.sku_cd,
. . . . . . . . . . . . . . . . . . . . . . .> TS.site,
. . . . . . . . . . . . . . . . . . . . . . .> TD.target
. . . . . . . . . . . . . . . . . . . . . . .> FROM 
. . . . . . . . . . . . . . . . . . . . . . .> ${hivevar:hivedb}.tmp_distribution_list_DPSM_D TD
. . . . . . . . . . . . . . . . . . . . . . .> JOIN ${hivevar:hivedb}.tmp_site_list_DPSM_D TS on 1=1;
0: jdbc:hive2://ustcl705.kcc.com:10000/defaul> 
0: jdbc:hive2://ustcl705.kcc.com:10000/defaul> INSERT INTO TABLE ${hivevar:hivedb}.TB_ONLINE_DPSM_D_REPORT
. . . . . . . . . . . . . . . . . . . . . . .> SELECT
. . . . . . . . . . . . . . . . . . . . . . .> ${hivevar:Actual_Target_Year},
. . . . . . . . . . . . . . . . . . . . . . .> ${hivevar:Actual_Target_Month},
. . . . . . . . . . . . . . . . . . . . . . .> FR.classification,
. . . . . . . . . . . . . . . . . . . . . . .> FR.biz_category,
. . . . . . . . . . . . . . . . . . . . . . .> FR.vlt,
. . . . . . . . . . . . . . . . . . . . . . .> FR.product_category_cd,
. . . . . . . . . . . . . . . . . . . . . . .> FR.brand_cd,
. . . . . . . . . . . . . . . . . . . . . . .> FR.sub_brand_cd,
. . . . . . . . . . . . . . . . . . . . . . .> FR.product_name,
. . . . . . . . . . . . . . . . . . . . . . .> FR.sku_cd,
. . . . . . . . . . . . . . . . . . . . . . .> FR.site,
. . . . . . . . . . . . . . . . . . . . . . .> COUNT(TGSS.site),
. . . . . . . . . . . . . . . . . . . . . . .> FR.target,
. . . . . . . . . . . . . . . . . . . . . . .> current_timestamp()
. . . . . . . . . . . . . . . . . . . . . . .> FROM ${hivevar:hivedb}.final_result_DPSM_D FR
. . . . . . . . . . . . . . . . . . . . . . .> JOIN ${hivevar:hivedb}.tmp_groupby_sku_site_DPSM_D TGSS ON TGSS.sku_cd= FR.sku_cd AND TGSS.site=FR.site
. . . . . . . . . . . . . . . . . . . . . . .> GROUP BY FR.classification,FR.biz_category,FR.vlt,
. . . . . . . . . . . . . . . . . . . . . . .> FR.product_category_cd,FR.brand_cd,FR.sub_brand_cd,FR.product_name,FR.sku_cd,FR.site,FR.target;
0: jdbc:hive2://ustcl705.kcc.com:10000/defaul> 
0: jdbc:hive2://ustcl705.kcc.com:10000/defaul> 
0: jdbc:hive2://ustcl705.kcc.com:10000/defaul> 
0: jdbc:hive2://ustcl705.kcc.com:10000/defaul> 
